<?xml version="1.0" encoding="UTF-8"?>
<!-- Generated by org.testng.reporters.JUnitReportReporter -->
<testsuite hostname="DESKTOP-S5LVNE2" failures="0" tests="3" name="com.testcases.Login" time="9.787" errors="0" timestamp="2025-07-15T12:49:35 IST" skipped="0">
  <testcase classname="com.testcases.Login" name="testSymbol" time="3.960"/>
  <testcase classname="com.testcases.Login" name="testspaces" time="2.929"/>
  <testcase classname="com.testcases.Login" name="testInvalid" time="2.898"/>
</testsuite> <!-- com.testcases.Login -->
